<?xml version="1.0" encoding="UTF-8"?>
<testng-results skipped="0" failed="0" total="1" passed="1">
  <reporter-output>
  </reporter-output>
  <suite name="TestNG" duration-ms="34" started-at="2015-09-01T06:10:57Z" finished-at="2015-09-01T06:10:57Z">
    <groups>
    </groups>
    <test name="AfterClass Example" duration-ms="34" started-at="2015-09-01T06:10:57Z" finished-at="2015-09-01T06:10:57Z">
      <class name="com.tpg.example.TestCase">
        <test-method status="PASS" signature="name()[pri:0, instance:com.tpg.example.TestCase@34f43dac]" name="name" is-config="true" duration-ms="12" started-at="2015-09-01T02:10:57Z" finished-at="2015-09-01T02:10:57Z">
          <reporter-output>
          </reporter-output>
        </test-method> <!-- name -->
        <test-method status="PASS" signature="test1()[pri:0, instance:com.tpg.example.TestCase@34f43dac]" name="test1" duration-ms="6" started-at="2015-09-01T02:10:57Z" finished-at="2015-09-01T02:10:57Z">
          <reporter-output>
          </reporter-output>
        </test-method> <!-- test1 -->
      </class> <!-- com.tpg.example.TestCase -->
    </test> <!-- AfterClass Example -->
  </suite> <!-- TestNG -->
</testng-results>
